running egg_info
creating ../../build/ur5e_pick_place/ur5e_pick_place.egg-info
writing ../../build/ur5e_pick_place/ur5e_pick_place.egg-info/PKG-INFO
writing dependency_links to ../../build/ur5e_pick_place/ur5e_pick_place.egg-info/dependency_links.txt
writing entry points to ../../build/ur5e_pick_place/ur5e_pick_place.egg-info/entry_points.txt
writing requirements to ../../build/ur5e_pick_place/ur5e_pick_place.egg-info/requires.txt
writing top-level names to ../../build/ur5e_pick_place/ur5e_pick_place.egg-info/top_level.txt
writing manifest file '../../build/ur5e_pick_place/ur5e_pick_place.egg-info/SOURCES.txt'
reading manifest file '../../build/ur5e_pick_place/ur5e_pick_place.egg-info/SOURCES.txt'
writing manifest file '../../build/ur5e_pick_place/ur5e_pick_place.egg-info/SOURCES.txt'
running build
running build_py
creating /home/dev/ur_ws/build/ur5e_pick_place/build
creating /home/dev/ur_ws/build/ur5e_pick_place/build/lib
creating /home/dev/ur_ws/build/ur5e_pick_place/build/lib/ur5e_pick_place
copying ur5e_pick_place/__init__.py -> /home/dev/ur_ws/build/ur5e_pick_place/build/lib/ur5e_pick_place
copying ur5e_pick_place/pick_place_ik.py -> /home/dev/ur_ws/build/ur5e_pick_place/build/lib/ur5e_pick_place
running install
running install_lib
creating /home/dev/ur_ws/install/ur5e_pick_place/lib/python3.10/site-packages/ur5e_pick_place
copying /home/dev/ur_ws/build/ur5e_pick_place/build/lib/ur5e_pick_place/__init__.py -> /home/dev/ur_ws/install/ur5e_pick_place/lib/python3.10/site-packages/ur5e_pick_place
copying /home/dev/ur_ws/build/ur5e_pick_place/build/lib/ur5e_pick_place/pick_place_ik.py -> /home/dev/ur_ws/install/ur5e_pick_place/lib/python3.10/site-packages/ur5e_pick_place
byte-compiling /home/dev/ur_ws/install/ur5e_pick_place/lib/python3.10/site-packages/ur5e_pick_place/__init__.py to __init__.cpython-310.pyc
byte-compiling /home/dev/ur_ws/install/ur5e_pick_place/lib/python3.10/site-packages/ur5e_pick_place/pick_place_ik.py to pick_place_ik.cpython-310.pyc
running install_data
creating /home/dev/ur_ws/install/ur5e_pick_place/share/ament_index
creating /home/dev/ur_ws/install/ur5e_pick_place/share/ament_index/resource_index
creating /home/dev/ur_ws/install/ur5e_pick_place/share/ament_index/resource_index/packages
copying resource/ur5e_pick_place -> /home/dev/ur_ws/install/ur5e_pick_place/share/ament_index/resource_index/packages
copying package.xml -> /home/dev/ur_ws/install/ur5e_pick_place/share/ur5e_pick_place
running install_egg_info
Copying ../../build/ur5e_pick_place/ur5e_pick_place.egg-info to /home/dev/ur_ws/install/ur5e_pick_place/lib/python3.10/site-packages/ur5e_pick_place-0.0.0-py3.10.egg-info
running install_scripts
Installing pick_place_ik script to /home/dev/ur_ws/install/ur5e_pick_place/lib/ur5e_pick_place
writing list of installed files to '/home/dev/ur_ws/build/ur5e_pick_place/install.log'
