[0.413s] Invoking command in '/home/dev/ur_ws/src/ur5e_pick_place': PYTHONPATH=/home/dev/ur_ws/build/ur5e_pick_place/prefix_override:/usr/lib/python3/dist-packages/colcon_core/task/python/colcon_distutils_commands:/home/dev/ur_ws/install/ur5e_pick_place/lib/python3.10/site-packages:${PYTHONPATH} /usr/bin/python3 -W ignore:setup.py install is deprecated -W ignore:easy_install command is deprecated setup.py egg_info --egg-base ../../build/ur5e_pick_place build --build-base /home/dev/ur_ws/build/ur5e_pick_place/build install --record /home/dev/ur_ws/build/ur5e_pick_place/install.log --single-version-externally-managed install_data
[0.530s] running egg_info
[0.530s] creating ../../build/ur5e_pick_place/ur5e_pick_place.egg-info
[0.530s] writing ../../build/ur5e_pick_place/ur5e_pick_place.egg-info/PKG-INFO
[0.530s] writing dependency_links to ../../build/ur5e_pick_place/ur5e_pick_place.egg-info/dependency_links.txt
[0.530s] writing entry points to ../../build/ur5e_pick_place/ur5e_pick_place.egg-info/entry_points.txt
[0.530s] writing requirements to ../../build/ur5e_pick_place/ur5e_pick_place.egg-info/requires.txt
[0.530s] writing top-level names to ../../build/ur5e_pick_place/ur5e_pick_place.egg-info/top_level.txt
[0.530s] writing manifest file '../../build/ur5e_pick_place/ur5e_pick_place.egg-info/SOURCES.txt'
[0.531s] reading manifest file '../../build/ur5e_pick_place/ur5e_pick_place.egg-info/SOURCES.txt'
[0.532s] writing manifest file '../../build/ur5e_pick_place/ur5e_pick_place.egg-info/SOURCES.txt'
[0.532s] running build
[0.532s] running build_py
[0.532s] creating /home/dev/ur_ws/build/ur5e_pick_place/build
[0.532s] creating /home/dev/ur_ws/build/ur5e_pick_place/build/lib
[0.532s] creating /home/dev/ur_ws/build/ur5e_pick_place/build/lib/ur5e_pick_place
[0.532s] copying ur5e_pick_place/__init__.py -> /home/dev/ur_ws/build/ur5e_pick_place/build/lib/ur5e_pick_place
[0.532s] copying ur5e_pick_place/pick_place_ik.py -> /home/dev/ur_ws/build/ur5e_pick_place/build/lib/ur5e_pick_place
[0.532s] running install
[0.532s] running install_lib
[0.532s] creating /home/dev/ur_ws/install/ur5e_pick_place/lib/python3.10/site-packages/ur5e_pick_place
[0.533s] copying /home/dev/ur_ws/build/ur5e_pick_place/build/lib/ur5e_pick_place/__init__.py -> /home/dev/ur_ws/install/ur5e_pick_place/lib/python3.10/site-packages/ur5e_pick_place
[0.533s] copying /home/dev/ur_ws/build/ur5e_pick_place/build/lib/ur5e_pick_place/pick_place_ik.py -> /home/dev/ur_ws/install/ur5e_pick_place/lib/python3.10/site-packages/ur5e_pick_place
[0.533s] byte-compiling /home/dev/ur_ws/install/ur5e_pick_place/lib/python3.10/site-packages/ur5e_pick_place/__init__.py to __init__.cpython-310.pyc
[0.533s] byte-compiling /home/dev/ur_ws/install/ur5e_pick_place/lib/python3.10/site-packages/ur5e_pick_place/pick_place_ik.py to pick_place_ik.cpython-310.pyc
[0.533s] running install_data
[0.534s] creating /home/dev/ur_ws/install/ur5e_pick_place/share/ament_index
[0.534s] creating /home/dev/ur_ws/install/ur5e_pick_place/share/ament_index/resource_index
[0.534s] creating /home/dev/ur_ws/install/ur5e_pick_place/share/ament_index/resource_index/packages
[0.534s] copying resource/ur5e_pick_place -> /home/dev/ur_ws/install/ur5e_pick_place/share/ament_index/resource_index/packages
[0.534s] copying package.xml -> /home/dev/ur_ws/install/ur5e_pick_place/share/ur5e_pick_place
[0.534s] running install_egg_info
[0.535s] Copying ../../build/ur5e_pick_place/ur5e_pick_place.egg-info to /home/dev/ur_ws/install/ur5e_pick_place/lib/python3.10/site-packages/ur5e_pick_place-0.0.0-py3.10.egg-info
[0.535s] running install_scripts
[0.544s] Installing pick_place_ik script to /home/dev/ur_ws/install/ur5e_pick_place/lib/ur5e_pick_place
[0.544s] writing list of installed files to '/home/dev/ur_ws/build/ur5e_pick_place/install.log'
[0.556s] Invoked command in '/home/dev/ur_ws/src/ur5e_pick_place' returned '0': PYTHONPATH=/home/dev/ur_ws/build/ur5e_pick_place/prefix_override:/usr/lib/python3/dist-packages/colcon_core/task/python/colcon_distutils_commands:/home/dev/ur_ws/install/ur5e_pick_place/lib/python3.10/site-packages:${PYTHONPATH} /usr/bin/python3 -W ignore:setup.py install is deprecated -W ignore:easy_install command is deprecated setup.py egg_info --egg-base ../../build/ur5e_pick_place build --build-base /home/dev/ur_ws/build/ur5e_pick_place/build install --record /home/dev/ur_ws/build/ur5e_pick_place/install.log --single-version-externally-managed install_data
