[0.337s] Invoking command in '/home/dev/ur_ws/src/ur5e_pick_place': PYTHONPATH=/home/dev/ur_ws/build/ur5e_pick_place/prefix_override:/usr/lib/python3/dist-packages/colcon_core/task/python/colcon_distutils_commands:/home/dev/ur_ws/install/ur5e_pick_place/lib/python3.10/site-packages:${PYTHONPATH} /usr/bin/python3 -W ignore:setup.py install is deprecated -W ignore:easy_install command is deprecated setup.py egg_info --egg-base ../../build/ur5e_pick_place build --build-base /home/dev/ur_ws/build/ur5e_pick_place/build install --record /home/dev/ur_ws/build/ur5e_pick_place/install.log --single-version-externally-managed install_data
[0.470s] running egg_info
[0.470s] writing ../../build/ur5e_pick_place/ur5e_pick_place.egg-info/PKG-INFO
[0.471s] writing dependency_links to ../../build/ur5e_pick_place/ur5e_pick_place.egg-info/dependency_links.txt
[0.471s] writing entry points to ../../build/ur5e_pick_place/ur5e_pick_place.egg-info/entry_points.txt
[0.471s] writing requirements to ../../build/ur5e_pick_place/ur5e_pick_place.egg-info/requires.txt
[0.471s] writing top-level names to ../../build/ur5e_pick_place/ur5e_pick_place.egg-info/top_level.txt
[0.472s] reading manifest file '../../build/ur5e_pick_place/ur5e_pick_place.egg-info/SOURCES.txt'
[0.472s] writing manifest file '../../build/ur5e_pick_place/ur5e_pick_place.egg-info/SOURCES.txt'
[0.472s] running build
[0.473s] running build_py
[0.473s] copying ur5e_pick_place/pick_place_ik.py -> /home/dev/ur_ws/build/ur5e_pick_place/build/lib/ur5e_pick_place
[0.473s] running install
[0.473s] running install_lib
[0.473s] copying /home/dev/ur_ws/build/ur5e_pick_place/build/lib/ur5e_pick_place/pick_place_ik.py -> /home/dev/ur_ws/install/ur5e_pick_place/lib/python3.10/site-packages/ur5e_pick_place
[0.474s] byte-compiling /home/dev/ur_ws/install/ur5e_pick_place/lib/python3.10/site-packages/ur5e_pick_place/pick_place_ik.py to pick_place_ik.cpython-310.pyc
[0.474s] running install_data
[0.475s] running install_egg_info
[0.475s] removing '/home/dev/ur_ws/install/ur5e_pick_place/lib/python3.10/site-packages/ur5e_pick_place-0.0.0-py3.10.egg-info' (and everything under it)
[0.476s] Copying ../../build/ur5e_pick_place/ur5e_pick_place.egg-info to /home/dev/ur_ws/install/ur5e_pick_place/lib/python3.10/site-packages/ur5e_pick_place-0.0.0-py3.10.egg-info
[0.476s] running install_scripts
[0.486s] Installing pick_place_ik script to /home/dev/ur_ws/install/ur5e_pick_place/lib/ur5e_pick_place
[0.486s] writing list of installed files to '/home/dev/ur_ws/build/ur5e_pick_place/install.log'
[0.500s] Invoked command in '/home/dev/ur_ws/src/ur5e_pick_place' returned '0': PYTHONPATH=/home/dev/ur_ws/build/ur5e_pick_place/prefix_override:/usr/lib/python3/dist-packages/colcon_core/task/python/colcon_distutils_commands:/home/dev/ur_ws/install/ur5e_pick_place/lib/python3.10/site-packages:${PYTHONPATH} /usr/bin/python3 -W ignore:setup.py install is deprecated -W ignore:easy_install command is deprecated setup.py egg_info --egg-base ../../build/ur5e_pick_place build --build-base /home/dev/ur_ws/build/ur5e_pick_place/build install --record /home/dev/ur_ws/build/ur5e_pick_place/install.log --single-version-externally-managed install_data
